<?xml version="1.0" encoding="UTF-8"?>
<testsuite xmlns:xsi="http://www.w3.org/2001/XMLSchema-instance" xsi:noNamespaceSchemaLocation="https://maven.apache.org/surefire/maven-surefire-plugin/xsd/surefire-test-report-3.0.xsd" version="3.0" name="cn.iocoder.yudao.framework.sms.core.client.impl.yunpian.YunpianSmsClientTest" time="0.221" tests="7" errors="0" skipped="0" failures="0">
  <properties>
[...]
</properties>
  <testcase name="testInvoke_success" classname="cn.iocoder.yudao.framework.sms.core.client.impl.yunpian.YunpianSmsClientTest" time="0.047">
    <system-out><![CDATA[07:49:08.935 [main] DEBUG uk.co.jemos.podam.api.PodamFactoryImpl - Manufacturing class com.yunpian.sdk.model.Result with parameters [class com.yunpian.sdk.model.SmsSingleSend]
07:49:08.936 [main] DEBUG uk.co.jemos.podam.api.AbstractRandomDataProviderStrategy - Failed to find suitable manufacturer for type class com.yunpian.sdk.model.Result
07:49:08.936 [main] DEBUG uk.co.jemos.podam.api.PodamFactoryImpl - We could create an instance with constructor: public com.yunpian.sdk.model.Result()
07:49:08.936 [main] DEBUG uk.co.jemos.podam.api.PodamFactoryImpl - Populating pojo class com.yunpian.sdk.model.Result
07:49:08.936 [main] DEBUG uk.co.jemos.podam.api.PodamFactoryImpl - Populating read-write field public com.yunpian.sdk.model.Result com.yunpian.sdk.model.Result.setCode(java.lang.Integer)
07:49:08.936 [main] DEBUG uk.co.jemos.podam.api.PodamFactoryImpl - Manufacturing class java.lang.Integer with parameters []
07:49:08.936 [main] DEBUG uk.co.jemos.podam.api.PodamFactoryImpl - Populating pojo class java.lang.Integer
07:49:08.937 [main] DEBUG uk.co.jemos.podam.api.PodamFactoryImpl - Populating read-write field public com.yunpian.sdk.model.Result com.yunpian.sdk.model.Result.setDetail(java.lang.String)
07:49:08.937 [main] DEBUG uk.co.jemos.podam.api.PodamFactoryImpl - Manufacturing class java.lang.String with parameters []
07:49:08.937 [main] DEBUG uk.co.jemos.podam.api.PodamFactoryImpl - Populating pojo class java.lang.String
07:49:08.937 [main] DEBUG uk.co.jemos.podam.api.PodamFactoryImpl - Populating read-write field public com.yunpian.sdk.model.Result com.yunpian.sdk.model.Result.setData(java.lang.Object)
07:49:08.937 [main] DEBUG uk.co.jemos.podam.api.PodamFactoryImpl - Manufacturing class com.yunpian.sdk.model.SmsSingleSend with parameters []
07:49:08.937 [main] DEBUG uk.co.jemos.podam.api.AbstractRandomDataProviderStrategy - Failed to find suitable manufacturer for type class com.yunpian.sdk.model.SmsSingleSend
07:49:08.937 [main] DEBUG uk.co.jemos.podam.api.PodamFactoryImpl - We could create an instance with constructor: public com.yunpian.sdk.model.SmsSingleSend()
07:49:08.937 [main] DEBUG uk.co.jemos.podam.api.PodamFactoryImpl - Populating pojo class com.yunpian.sdk.model.SmsSingleSend
07:49:08.938 [main] DEBUG uk.co.jemos.podam.api.PodamFactoryImpl - Populating read-write field public void com.yunpian.sdk.model.SmsSingleSend.setMsg(java.lang.String)
07:49:08.939 [main] DEBUG uk.co.jemos.podam.api.PodamFactoryImpl - Manufacturing class java.lang.String with parameters []
07:49:08.939 [main] DEBUG uk.co.jemos.podam.api.PodamFactoryImpl - Populating pojo class java.lang.String
07:49:08.939 [main] DEBUG uk.co.jemos.podam.api.PodamFactoryImpl - Populating read-write field public void com.yunpian.sdk.model.SmsSingleSend.setCode(java.lang.Integer)
07:49:08.939 [main] DEBUG uk.co.jemos.podam.api.PodamFactoryImpl - Manufacturing class java.lang.Integer with parameters []
07:49:08.939 [main] DEBUG uk.co.jemos.podam.api.PodamFactoryImpl - Populating pojo class java.lang.Integer
07:49:08.940 [main] DEBUG uk.co.jemos.podam.api.PodamFactoryImpl - Populating read-write field public void com.yunpian.sdk.model.SmsSingleSend.setFee(java.lang.Double)
07:49:08.940 [main] DEBUG uk.co.jemos.podam.api.PodamFactoryImpl - Manufacturing class java.lang.Double with parameters []
07:49:08.941 [main] DEBUG uk.co.jemos.podam.api.PodamFactoryImpl - Populating pojo class java.lang.Double
07:49:08.941 [main] DEBUG uk.co.jemos.podam.api.PodamFactoryImpl - Populating read-write field public void com.yunpian.sdk.model.SmsSingleSend.setUnit(java.lang.String)
07:49:08.941 [main] DEBUG uk.co.jemos.podam.api.PodamFactoryImpl - Manufacturing class java.lang.String with parameters []
07:49:08.941 [main] DEBUG uk.co.jemos.podam.api.PodamFactoryImpl - Populating pojo class java.lang.String
07:49:08.941 [main] DEBUG uk.co.jemos.podam.api.PodamFactoryImpl - Populating read-write field public void com.yunpian.sdk.model.SmsSingleSend.setCount(java.lang.Integer)
07:49:08.941 [main] DEBUG uk.co.jemos.podam.api.PodamFactoryImpl - Manufacturing class java.lang.Integer with parameters []
07:49:08.941 [main] DEBUG uk.co.jemos.podam.api.PodamFactoryImpl - Populating pojo class java.lang.Integer
07:49:08.942 [main] DEBUG uk.co.jemos.podam.api.PodamFactoryImpl - Populating read-write field public void com.yunpian.sdk.model.SmsSingleSend.setSid(java.lang.Long)
07:49:08.942 [main] DEBUG uk.co.jemos.podam.api.PodamFactoryImpl - Manufacturing class java.lang.Long with parameters []
07:49:08.942 [main] DEBUG uk.co.jemos.podam.api.PodamFactoryImpl - Populating pojo class java.lang.Long
07:49:08.942 [main] DEBUG uk.co.jemos.podam.api.PodamFactoryImpl - Populating read-write field public void com.yunpian.sdk.model.SmsSingleSend.setMobile(java.lang.String)
07:49:08.942 [main] DEBUG uk.co.jemos.podam.api.PodamFactoryImpl - Manufacturing class java.lang.String with parameters []
07:49:08.942 [main] DEBUG uk.co.jemos.podam.api.PodamFactoryImpl - Populating pojo class java.lang.String
07:49:08.943 [main] DEBUG uk.co.jemos.podam.api.PodamFactoryImpl - Populating read-write field public com.yunpian.sdk.model.Result com.yunpian.sdk.model.Result.setMsg(java.lang.String)
07:49:08.943 [main] DEBUG uk.co.jemos.podam.api.PodamFactoryImpl - Manufacturing class java.lang.String with parameters []
07:49:08.943 [main] DEBUG uk.co.jemos.podam.api.PodamFactoryImpl - Populating pojo class java.lang.String
]]></system-out>
  </testcase>
  <testcase name="testDoGetSmsTemplate" classname="cn.iocoder.yudao.framework.sms.core.client.impl.yunpian.YunpianSmsClientTest" time="0.068">
    <system-out><![CDATA[07:49:09.000 [main] DEBUG uk.co.jemos.podam.api.PodamFactoryImpl - Manufacturing class com.yunpian.sdk.model.Result with parameters [interface java.util.List]
07:49:09.000 [main] DEBUG uk.co.jemos.podam.api.AbstractRandomDataProviderStrategy - Failed to find suitable manufacturer for type class com.yunpian.sdk.model.Result
07:49:09.000 [main] DEBUG uk.co.jemos.podam.api.PodamFactoryImpl - We could create an instance with constructor: public com.yunpian.sdk.model.Result()
07:49:09.000 [main] DEBUG uk.co.jemos.podam.api.PodamFactoryImpl - Populating pojo class com.yunpian.sdk.model.Result
07:49:09.000 [main] DEBUG uk.co.jemos.podam.api.PodamFactoryImpl - Populating read-write field public com.yunpian.sdk.model.Result com.yunpian.sdk.model.Result.setCode(java.lang.Integer)
07:49:09.000 [main] DEBUG uk.co.jemos.podam.api.PodamFactoryImpl - Manufacturing class java.lang.Integer with parameters []
07:49:09.000 [main] DEBUG uk.co.jemos.podam.api.PodamFactoryImpl - Populating pojo class java.lang.Integer
07:49:09.000 [main] DEBUG uk.co.jemos.podam.api.PodamFactoryImpl - Populating read-write field public com.yunpian.sdk.model.Result com.yunpian.sdk.model.Result.setDetail(java.lang.String)
07:49:09.001 [main] DEBUG uk.co.jemos.podam.api.PodamFactoryImpl - Manufacturing class java.lang.String with parameters []
07:49:09.001 [main] DEBUG uk.co.jemos.podam.api.PodamFactoryImpl - Populating pojo class java.lang.String
07:49:09.001 [main] DEBUG uk.co.jemos.podam.api.PodamFactoryImpl - Populating read-write field public com.yunpian.sdk.model.Result com.yunpian.sdk.model.Result.setData(java.lang.Object)
07:49:09.005 [main] WARN uk.co.jemos.podam.typeManufacturers.TypeManufacturerUtil - Unrecognized type E. Will use Object instead
07:49:09.005 [main] DEBUG uk.co.jemos.podam.api.PodamFactoryImpl - Manufacturing class java.lang.Object with parameters []
07:49:09.005 [main] DEBUG uk.co.jemos.podam.api.AbstractRandomDataProviderStrategy - Failed to find suitable manufacturer for type class java.lang.Object
07:49:09.006 [main] DEBUG uk.co.jemos.podam.api.PodamFactoryImpl - We could create an instance with constructor: public java.lang.Object()
07:49:09.006 [main] DEBUG uk.co.jemos.podam.api.PodamFactoryImpl - Populating pojo class java.lang.Object
07:49:09.006 [main] DEBUG uk.co.jemos.podam.api.PodamFactoryImpl - Manufacturing class java.lang.Object with parameters []
07:49:09.006 [main] DEBUG uk.co.jemos.podam.api.AbstractRandomDataProviderStrategy - Failed to find suitable manufacturer for type class java.lang.Object
07:49:09.006 [main] DEBUG uk.co.jemos.podam.api.PodamFactoryImpl - We could create an instance with constructor: public java.lang.Object()
07:49:09.006 [main] DEBUG uk.co.jemos.podam.api.PodamFactoryImpl - Populating pojo class java.lang.Object
07:49:09.006 [main] DEBUG uk.co.jemos.podam.api.PodamFactoryImpl - Manufacturing class java.lang.Object with parameters []
07:49:09.006 [main] DEBUG uk.co.jemos.podam.api.AbstractRandomDataProviderStrategy - Failed to find suitable manufacturer for type class java.lang.Object
07:49:09.006 [main] DEBUG uk.co.jemos.podam.api.PodamFactoryImpl - We could create an instance with constructor: public java.lang.Object()
07:49:09.006 [main] DEBUG uk.co.jemos.podam.api.PodamFactoryImpl - Populating pojo class java.lang.Object
07:49:09.006 [main] DEBUG uk.co.jemos.podam.api.PodamFactoryImpl - Manufacturing class java.lang.Object with parameters []
07:49:09.006 [main] DEBUG uk.co.jemos.podam.api.AbstractRandomDataProviderStrategy - Failed to find suitable manufacturer for type class java.lang.Object
07:49:09.006 [main] DEBUG uk.co.jemos.podam.api.PodamFactoryImpl - We could create an instance with constructor: public java.lang.Object()
07:49:09.006 [main] DEBUG uk.co.jemos.podam.api.PodamFactoryImpl - Populating pojo class java.lang.Object
07:49:09.006 [main] DEBUG uk.co.jemos.podam.api.PodamFactoryImpl - Manufacturing class java.lang.Object with parameters []
07:49:09.006 [main] DEBUG uk.co.jemos.podam.api.AbstractRandomDataProviderStrategy - Failed to find suitable manufacturer for type class java.lang.Object
07:49:09.006 [main] DEBUG uk.co.jemos.podam.api.PodamFactoryImpl - We could create an instance with constructor: public java.lang.Object()
07:49:09.006 [main] DEBUG uk.co.jemos.podam.api.PodamFactoryImpl - Populating pojo class java.lang.Object
07:49:09.006 [main] DEBUG uk.co.jemos.podam.api.PodamFactoryImpl - Populating read-write field public com.yunpian.sdk.model.Result com.yunpian.sdk.model.Result.setMsg(java.lang.String)
07:49:09.006 [main] DEBUG uk.co.jemos.podam.api.PodamFactoryImpl - Manufacturing class java.lang.String with parameters []
07:49:09.006 [main] DEBUG uk.co.jemos.podam.api.PodamFactoryImpl - Populating pojo class java.lang.String
07:49:09.008 [main] DEBUG uk.co.jemos.podam.api.PodamFactoryImpl - Manufacturing class com.yunpian.sdk.model.Template with parameters []
07:49:09.008 [main] DEBUG uk.co.jemos.podam.api.AbstractRandomDataProviderStrategy - Failed to find suitable manufacturer for type class com.yunpian.sdk.model.Template
07:49:09.008 [main] DEBUG uk.co.jemos.podam.api.PodamFactoryImpl - We could create an instance with constructor: public com.yunpian.sdk.model.Template()
07:49:09.008 [main] DEBUG uk.co.jemos.podam.api.PodamFactoryImpl - Populating pojo class com.yunpian.sdk.model.Template
07:49:09.008 [main] DEBUG uk.co.jemos.podam.api.PodamFactoryImpl - Populating read-write field public void com.yunpian.sdk.model.Template.setCountry_code(java.lang.String)
07:49:09.008 [main] DEBUG uk.co.jemos.podam.api.PodamFactoryImpl - Manufacturing class java.lang.String with parameters []
07:49:09.008 [main] DEBUG uk.co.jemos.podam.api.PodamFactoryImpl - Populating pojo class java.lang.String
07:49:09.008 [main] DEBUG uk.co.jemos.podam.api.PodamFactoryImpl - Populating read-write field public void com.yunpian.sdk.model.Template.setReason(java.lang.String)
07:49:09.009 [main] DEBUG uk.co.jemos.podam.api.PodamFactoryImpl - Manufacturing class java.lang.String with parameters []
07:49:09.009 [main] DEBUG uk.co.jemos.podam.api.PodamFactoryImpl - Populating pojo class java.lang.String
07:49:09.009 [main] DEBUG uk.co.jemos.podam.api.PodamFactoryImpl - Populating read-write field public void com.yunpian.sdk.model.Template.setCheck_status(java.lang.String)
07:49:09.009 [main] DEBUG uk.co.jemos.podam.api.PodamFactoryImpl - Manufacturing class java.lang.String with parameters []
07:49:09.009 [main] DEBUG uk.co.jemos.podam.api.PodamFactoryImpl - Populating pojo class java.lang.String
07:49:09.009 [main] DEBUG uk.co.jemos.podam.api.PodamFactoryImpl - Populating read-write field public void com.yunpian.sdk.model.Template.setTpl_content(java.lang.String)
07:49:09.009 [main] DEBUG uk.co.jemos.podam.api.PodamFactoryImpl - Manufacturing class java.lang.String with parameters []
07:49:09.009 [main] DEBUG uk.co.jemos.podam.api.PodamFactoryImpl - Populating pojo class java.lang.String
07:49:09.009 [main] DEBUG uk.co.jemos.podam.api.PodamFactoryImpl - Populating read-write field public void com.yunpian.sdk.model.Template.setLang(java.lang.String)
07:49:09.009 [main] DEBUG uk.co.jemos.podam.api.PodamFactoryImpl - Manufacturing class java.lang.String with parameters []
07:49:09.009 [main] DEBUG uk.co.jemos.podam.api.PodamFactoryImpl - Populating pojo class java.lang.String
07:49:09.009 [main] DEBUG uk.co.jemos.podam.api.PodamFactoryImpl - Populating read-write field public void com.yunpian.sdk.model.Template.setTpl_id(java.lang.Long)
07:49:09.009 [main] DEBUG uk.co.jemos.podam.api.PodamFactoryImpl - Manufacturing class java.lang.Long with parameters []
07:49:09.009 [main] DEBUG uk.co.jemos.podam.api.PodamFactoryImpl - Populating pojo class java.lang.Long
]]></system-out>
  </testcase>
  <testcase name="testInvoke_throwable" classname="cn.iocoder.yudao.framework.sms.core.client.impl.yunpian.YunpianSmsClientTest" time="0.002"/>
  <testcase name="testDoSendSms" classname="cn.iocoder.yudao.framework.sms.core.client.impl.yunpian.YunpianSmsClientTest" time="0.045">
    <system-out><![CDATA[07:49:09.055 [main] DEBUG uk.co.jemos.podam.api.PodamFactoryImpl - Manufacturing class com.yunpian.sdk.model.Result with parameters [class com.yunpian.sdk.model.SmsSingleSend]
07:49:09.055 [main] DEBUG uk.co.jemos.podam.api.AbstractRandomDataProviderStrategy - Failed to find suitable manufacturer for type class com.yunpian.sdk.model.Result
07:49:09.055 [main] DEBUG uk.co.jemos.podam.api.PodamFactoryImpl - We could create an instance with constructor: public com.yunpian.sdk.model.Result()
07:49:09.055 [main] DEBUG uk.co.jemos.podam.api.PodamFactoryImpl - Populating pojo class com.yunpian.sdk.model.Result
07:49:09.055 [main] DEBUG uk.co.jemos.podam.api.PodamFactoryImpl - Populating read-write field public com.yunpian.sdk.model.Result com.yunpian.sdk.model.Result.setCode(java.lang.Integer)
07:49:09.055 [main] DEBUG uk.co.jemos.podam.api.PodamFactoryImpl - Manufacturing class java.lang.Integer with parameters []
07:49:09.055 [main] DEBUG uk.co.jemos.podam.api.PodamFactoryImpl - Populating pojo class java.lang.Integer
07:49:09.055 [main] DEBUG uk.co.jemos.podam.api.PodamFactoryImpl - Populating read-write field public com.yunpian.sdk.model.Result com.yunpian.sdk.model.Result.setDetail(java.lang.String)
07:49:09.055 [main] DEBUG uk.co.jemos.podam.api.PodamFactoryImpl - Manufacturing class java.lang.String with parameters []
07:49:09.055 [main] DEBUG uk.co.jemos.podam.api.PodamFactoryImpl - Populating pojo class java.lang.String
07:49:09.055 [main] DEBUG uk.co.jemos.podam.api.PodamFactoryImpl - Populating read-write field public com.yunpian.sdk.model.Result com.yunpian.sdk.model.Result.setData(java.lang.Object)
07:49:09.055 [main] DEBUG uk.co.jemos.podam.api.PodamFactoryImpl - Manufacturing class com.yunpian.sdk.model.SmsSingleSend with parameters []
07:49:09.055 [main] DEBUG uk.co.jemos.podam.api.AbstractRandomDataProviderStrategy - Failed to find suitable manufacturer for type class com.yunpian.sdk.model.SmsSingleSend
07:49:09.056 [main] DEBUG uk.co.jemos.podam.api.PodamFactoryImpl - We could create an instance with constructor: public com.yunpian.sdk.model.SmsSingleSend()
07:49:09.056 [main] DEBUG uk.co.jemos.podam.api.PodamFactoryImpl - Populating pojo class com.yunpian.sdk.model.SmsSingleSend
07:49:09.056 [main] DEBUG uk.co.jemos.podam.api.PodamFactoryImpl - Populating read-write field public void com.yunpian.sdk.model.SmsSingleSend.setMsg(java.lang.String)
07:49:09.056 [main] DEBUG uk.co.jemos.podam.api.PodamFactoryImpl - Manufacturing class java.lang.String with parameters []
07:49:09.056 [main] DEBUG uk.co.jemos.podam.api.PodamFactoryImpl - Populating pojo class java.lang.String
07:49:09.056 [main] DEBUG uk.co.jemos.podam.api.PodamFactoryImpl - Populating read-write field public void com.yunpian.sdk.model.SmsSingleSend.setCode(java.lang.Integer)
07:49:09.056 [main] DEBUG uk.co.jemos.podam.api.PodamFactoryImpl - Manufacturing class java.lang.Integer with parameters []
07:49:09.056 [main] DEBUG uk.co.jemos.podam.api.PodamFactoryImpl - Populating pojo class java.lang.Integer
07:49:09.056 [main] DEBUG uk.co.jemos.podam.api.PodamFactoryImpl - Populating read-write field public void com.yunpian.sdk.model.SmsSingleSend.setFee(java.lang.Double)
07:49:09.056 [main] DEBUG uk.co.jemos.podam.api.PodamFactoryImpl - Manufacturing class java.lang.Double with parameters []
07:49:09.056 [main] DEBUG uk.co.jemos.podam.api.PodamFactoryImpl - Populating pojo class java.lang.Double
07:49:09.056 [main] DEBUG uk.co.jemos.podam.api.PodamFactoryImpl - Populating read-write field public void com.yunpian.sdk.model.SmsSingleSend.setUnit(java.lang.String)
07:49:09.056 [main] DEBUG uk.co.jemos.podam.api.PodamFactoryImpl - Manufacturing class java.lang.String with parameters []
07:49:09.056 [main] DEBUG uk.co.jemos.podam.api.PodamFactoryImpl - Populating pojo class java.lang.String
07:49:09.056 [main] DEBUG uk.co.jemos.podam.api.PodamFactoryImpl - Populating read-write field public void com.yunpian.sdk.model.SmsSingleSend.setCount(java.lang.Integer)
07:49:09.056 [main] DEBUG uk.co.jemos.podam.api.PodamFactoryImpl - Manufacturing class java.lang.Integer with parameters []
07:49:09.056 [main] DEBUG uk.co.jemos.podam.api.PodamFactoryImpl - Populating pojo class java.lang.Integer
07:49:09.056 [main] DEBUG uk.co.jemos.podam.api.PodamFactoryImpl - Populating read-write field public void com.yunpian.sdk.model.SmsSingleSend.setSid(java.lang.Long)
07:49:09.056 [main] DEBUG uk.co.jemos.podam.api.PodamFactoryImpl - Manufacturing class java.lang.Long with parameters []
07:49:09.056 [main] DEBUG uk.co.jemos.podam.api.PodamFactoryImpl - Populating pojo class java.lang.Long
07:49:09.056 [main] DEBUG uk.co.jemos.podam.api.PodamFactoryImpl - Populating read-write field public void com.yunpian.sdk.model.SmsSingleSend.setMobile(java.lang.String)
07:49:09.056 [main] DEBUG uk.co.jemos.podam.api.PodamFactoryImpl - Manufacturing class java.lang.String with parameters []
07:49:09.056 [main] DEBUG uk.co.jemos.podam.api.PodamFactoryImpl - Populating pojo class java.lang.String
07:49:09.056 [main] DEBUG uk.co.jemos.podam.api.PodamFactoryImpl - Populating read-write field public com.yunpian.sdk.model.Result com.yunpian.sdk.model.Result.setMsg(java.lang.String)
07:49:09.056 [main] DEBUG uk.co.jemos.podam.api.PodamFactoryImpl - Manufacturing class java.lang.String with parameters []
07:49:09.056 [main] DEBUG uk.co.jemos.podam.api.PodamFactoryImpl - Populating pojo class java.lang.String
]]></system-out>
  </testcase>
  <testcase name="testDoParseSmsReceiveStatus" classname="cn.iocoder.yudao.framework.sms.core.client.impl.yunpian.YunpianSmsClientTest" time="0.003"/>
  <testcase name="testDoInit" classname="cn.iocoder.yudao.framework.sms.core.client.impl.yunpian.YunpianSmsClientTest" time="0.05">
    <system-out><![CDATA[07:49:09.066 [main] INFO com.yunpian.sdk.YunpianClient - YunpianClient is initing!
07:49:09.066 [main] INFO com.yunpian.sdk.YunpianConf - load default yunpian.properties
07:49:09.067 [main] INFO com.yunpian.sdk.YunpianConf - apikey-a4wf3blro1 conf-{yp.flow.host=https://flow.yunpian.com, yp.sign.host=https://sms.yunpian.com, yp.tpl.host=https://sms.yunpian.com, http.conn.maxperroute=50, yp.user.host=https://sms.yunpian.com, yp.version=v2, yp.call.host=https://call.yunpian.com, yp.short_url.host=https://sms.yunpian.com, http.charset=utf-8, http.conn.timeout=10000, yp.voice.host=https://voice.yunpian.com, http.so.timeout=30000, yp.sms.host=https://sms.yunpian.com, http.conn.maxtotal=200}
]]></system-out>
  </testcase>
  <testcase name="testConvertSmsTemplateAuditStatus" classname="cn.iocoder.yudao.framework.sms.core.client.impl.yunpian.YunpianSmsClientTest" time="0.001"/>
</testsuite>