<?xml version="1.0" encoding="UTF-8"?>
<testsuite xmlns:xsi="http://www.w3.org/2001/XMLSchema-instance" xsi:noNamespaceSchemaLocation="https://maven.apache.org/surefire/maven-surefire-plugin/xsd/surefire-test-report-3.0.xsd" version="3.0" name="cn.iocoder.yudao.module.infra.service.file.FileConfigServiceImplTest" time="1.015" tests="11" errors="0" skipped="0" failures="0">
  <properties>
[...]
</properties>
  <testcase name="testUpdateFileConfig_success" classname="cn.iocoder.yudao.module.infra.service.file.FileConfigServiceImplTest" time="0.14">
    <system-out><![CDATA[ _ _   |_  _ _|_. ___ _ |    _ 
| | |\/|_)(_| | |_\  |_)||_|_\ 
     /               |         
                        3.4.3.4 
]]></system-out>
  </testcase>
  <testcase name="testGetFileConfigPage" classname="cn.iocoder.yudao.module.infra.service.file.FileConfigServiceImplTest" time="0.021"/>
  <testcase name="testUpdateFileConfigMaster_notExists" classname="cn.iocoder.yudao.module.infra.service.file.FileConfigServiceImplTest" time="0.008"/>
  <testcase name="testUpdateFileConfigMaster_success" classname="cn.iocoder.yudao.module.infra.service.file.FileConfigServiceImplTest" time="0.014"/>
  <testcase name="testCreateFileConfig_success" classname="cn.iocoder.yudao.module.infra.service.file.FileConfigServiceImplTest" time="0.007"/>
  <testcase name="testDeleteFileConfig_success" classname="cn.iocoder.yudao.module.infra.service.file.FileConfigServiceImplTest" time="0.007"/>
  <testcase name="testUpdateFileConfig_notExists" classname="cn.iocoder.yudao.module.infra.service.file.FileConfigServiceImplTest" time="0.004"/>
  <testcase name="testFileConfig" classname="cn.iocoder.yudao.module.infra.service.file.FileConfigServiceImplTest" time="0.056"/>
  <testcase name="testDeleteFileConfig_master" classname="cn.iocoder.yudao.module.infra.service.file.FileConfigServiceImplTest" time="0.008"/>
  <testcase name="testInitLocalCache" classname="cn.iocoder.yudao.module.infra.service.file.FileConfigServiceImplTest" time="0.011"/>
  <testcase name="testDeleteFileConfig_notExists" classname="cn.iocoder.yudao.module.infra.service.file.FileConfigServiceImplTest" time="0.004"/>
</testsuite>